<?xml version="1.0" encoding="UTF-8"?>
<!-- Generated by org.testng.reporters.JUnitXMLReporter -->
<testsuite ignored="0" hostname="Radens-MacBook-Pro.local" failures="0" tests="3" name="RegressionTest" time="10.259" errors="0" timestamp="2025-05-15T12:37:25 WIB">
  <testcase classname="SauceDemoTest.About" name="userCanNavigateToAbout" time="6.498"/>
  <testcase classname="SauceDemoTest.AddProductToCart" name="userCanAddSauceLabsBackpack" time="0.615"/>
  <testcase classname="SauceDemoTest.AddProductToCart" name="userCanAddSauceLabsFleeceJacket" time="0.256"/>
</testsuite> <!-- RegressionTest -->
