<?xml version="1.0" encoding="UTF-8"?>
<!-- Generated by org.testng.reporters.JUnitXMLReporter -->
<testsuite ignored="0" hostname="Radens-MacBook-Pro.local" failures="0" tests="3" name="RegressionTest" time="12.063" errors="0" timestamp="2025-05-15T11:21:58 WIB">
  <testcase classname="SauceDemoTest.About" name="userCanNavigateToAbout" time="8.423"/>
  <testcase classname="SauceDemoTest.AddProductToCart" name="userCanAddSauceLabsBackpack" time="0.578"/>
  <testcase classname="SauceDemoTest.AddProductToCart" name="userCanAddSauceLabsFleeceJacket" time="0.254"/>
</testsuite> <!-- RegressionTest -->
