<?xml version="1.0" encoding="UTF-8"?>
<testsuite xmlns:xsi="http://www.w3.org/2001/XMLSchema-instance" xsi:noNamespaceSchemaLocation="https://maven.apache.org/surefire/maven-surefire-plugin/xsd/surefire-test-report.xsd" version="3.0.2" name="TestSuite" time="12.27" tests="3" errors="0" skipped="0" failures="0">
  <properties>
[...]
</properties>
  <testcase name="userCanNavigateToAbout" classname="SauceDemoTest.About" time="8.424">
    <system-out><![CDATA[Element is visible:true
Element is visible:true
Element is visible:true
]]></system-out>
    <system-err><![CDATA[SLF4J: Failed to load class "org.slf4j.impl.StaticLoggerBinder".
SLF4J: Defaulting to no-operation (NOP) logger implementation
SLF4J: See http://www.slf4j.org/codes.html#StaticLoggerBinder for further details.
May 15, 2025 11:21:47 AM org.openqa.selenium.devtools.CdpVersionFinder findNearestMatch
WARNING: Unable to find an exact match for CDP version 136, returning the closest version; found: 133; Please update to a Selenium version that supports CDP version 136
]]></system-err>
  </testcase>
  <testcase name="userCanAddSauceLabsBackpack" classname="SauceDemoTest.AddProductToCart" time="0.579">
    <system-out><![CDATA[Element is visible:true
Element is visible:true
Element is visible:true
]]></system-out>
    <system-err><![CDATA[May 15, 2025 11:21:57 AM org.openqa.selenium.devtools.CdpVersionFinder findNearestMatch
WARNING: Unable to find an exact match for CDP version 136, returning the closest version; found: 133; Please update to a Selenium version that supports CDP version 136
]]></system-err>
  </testcase>
  <testcase name="userCanAddSauceLabsFleeceJacket" classname="SauceDemoTest.AddProductToCart" time="0.255">
    <system-out><![CDATA[Local storage cleared.
Element is visible:true
Element is visible:true
Element is visible:true
]]></system-out>
  </testcase>
</testsuite>